<?xml version="1.0" encoding="UTF-8"?>
<testsuites name="End_to_end_edit_profile_user" time="28.056" tests="3" failures="0" errors="0">
   <testsuite name="End_to_end_edit_profile_user" tests="3" failures="0" errors="0" time="28.056" skipped="0" timestamp="2021-12-06 15:05:57" hostname="monikasiregar - 192.168.100.150" id="Test Suites/End_to_end_edit_profile_user">
      <properties>
         <property name="deviceName" value=""/>
         <property name="devicePlatform" value=""/>
         <property name="logFolder" value="/Users/monikasiregar/Katalon Studio/QASIR/Reports/20211206_150545/End_to_end_edit_profile_user/20211206_150545"/>
         <property name="logFiles" value="/Users/monikasiregar/Katalon Studio/QASIR/Reports/20211206_150545/End_to_end_edit_profile_user/20211206_150545/execution0.log"/>
         <property name="attachments" value=""/>
         <property name="hostName" value="monikasiregar - 192.168.100.150"/>
         <property name="os" value="Mac OS X 64bit"/>
         <property name="katalonVersion" value="8.1.0.208"/>
         <property name="browser" value="Chrome 96.0.4664.55"/>
         <property name="hostAddress" value="192.168.100.150"/>
         <property name="sessionId" value="b75a2bef635769e68f2af78152135af9"/>
         <property name="seleniumVersion" value="3.141.59"/>
         <property name="proxyInformation" value="ProxyInformation { proxyOption=NO_PROXY, proxyServerType=HTTP, username=, password=********, proxyServerAddress=, proxyServerPort=0, executionList=&quot;&quot;, isApplyToDesiredCapabilities=true }"/>
         <property name="platform" value="Mac OS X"/>
      </properties>
      <testcase name="Test Cases/Login/tc_LoginByPhone" time="11.967" classname="Test Cases/Login/tc_LoginByPhone" status="PASSED">
         <system-out><![CDATA[2021-12-06 15:05:58 - [TEST_CASE][PASSED] - Test Cases/Login/tc_LoginByPhone: Test Cases/Login/tc_LoginByPhone

2021-12-06 15:05:58 - [TEST_STEP][PASSED] - openBrowser(""): Browser is opened with url: ''

2021-12-06 15:05:59 - [MESSAGE][INFO] - Starting 'Chrome' driver

2021-12-06 15:05:59 - [MESSAGE][INFO] - Action delay is set to 0 milliseconds

2021-12-06 15:06:02 - [MESSAGE][PASSED] - Browser is opened with url: ''

2021-12-06 15:06:02 - [TEST_STEP][PASSED] - maximizeWindow(): Current window maximized

2021-12-06 15:06:03 - [MESSAGE][PASSED] - Current window maximized

2021-12-06 15:06:03 - [TEST_STEP][PASSED] - navigateToUrl("https://www.qasir.id/sign-in"): Navigate to 'https://www.qasir.id/sign-in' successfully

2021-12-06 15:06:05 - [MESSAGE][PASSED] - Navigate to 'https://www.qasir.id/sign-in' successfully

2021-12-06 15:06:05 - [TEST_STEP][PASSED] - setText(findTestObject("Login/txtPhone"), "82162391216"): Text '82162391216' is set on object 'Object Repository/Login/txtPhone'

2021-12-06 15:06:08 - [MESSAGE][PASSED] - Text '82162391216' is set on object 'Object Repository/Login/txtPhone'

2021-12-06 15:06:08 - [TEST_STEP][PASSED] - setEncryptedText(findTestObject("Login/txtPassword"), "g5moeaIHhvc="): Text ****** has been set on object 'Object Repository/Login/txtPassword'

2021-12-06 15:06:09 - [MESSAGE][PASSED] - Text ****** has been set on object 'Object Repository/Login/txtPassword'

2021-12-06 15:06:09 - [TEST_STEP][PASSED] - click(findTestObject("Login/btnLogin")): Object: 'Object Repository/Login/btnLogin' is clicked on

2021-12-06 15:06:10 - [MESSAGE][PASSED] - Object: 'Object Repository/Login/btnLogin' is clicked on]]></system-out>
         <system-err><![CDATA[]]></system-err>
      </testcase>
      <testcase name="Test Cases/Outlet/tc_ChooseOutlet" time="2.708" classname="Test Cases/Outlet/tc_ChooseOutlet" status="PASSED">
         <system-out><![CDATA[2021-12-06 15:06:10 - [TEST_CASE][PASSED] - Test Cases/Outlet/tc_ChooseOutlet: Test Cases/Outlet/tc_ChooseOutlet

2021-12-06 15:06:10 - [TEST_STEP][PASSED] - waitForElementPresent(findTestObject("Outlet/btnSunPlaza"), 10): Object 'Object Repository/Outlet/btnSunPlaza' is present

2021-12-06 15:06:12 - [MESSAGE][PASSED] - Object 'Object Repository/Outlet/btnSunPlaza' is present

2021-12-06 15:06:12 - [TEST_STEP][PASSED] - click(findTestObject("Outlet/btnSunPlaza")): Object: 'Object Repository/Outlet/btnSunPlaza' is clicked on

2021-12-06 15:06:12 - [MESSAGE][PASSED] - Object: 'Object Repository/Outlet/btnSunPlaza' is clicked on]]></system-out>
         <system-err><![CDATA[]]></system-err>
      </testcase>
      <testcase name="Test Cases/Profile/tc_EditProfile" time="11.888" classname="Test Cases/Profile/tc_EditProfile" status="PASSED">
         <system-out><![CDATA[2021-12-06 15:06:12 - [TEST_CASE][PASSED] - Test Cases/Profile/tc_EditProfile: Test Cases/Profile/tc_EditProfile

2021-12-06 15:06:13 - [TEST_STEP][PASSED] - waitForElementPresent(findTestObject("Profile/btnProfile"), 60): Object 'Object Repository/Profile/btnProfile' is present

2021-12-06 15:06:18 - [MESSAGE][PASSED] - Object 'Object Repository/Profile/btnProfile' is present

2021-12-06 15:06:18 - [TEST_STEP][PASSED] - click(findTestObject("Profile/btnProfile")): Object: 'Object Repository/Profile/btnProfile' is clicked on

2021-12-06 15:06:19 - [MESSAGE][PASSED] - Object: 'Object Repository/Profile/btnProfile' is clicked on

2021-12-06 15:06:19 - [TEST_STEP][PASSED] - click(findTestObject("Profile/btnUserProfile")): Object: 'Object Repository/Profile/btnUserProfile' is clicked on

2021-12-06 15:06:20 - [MESSAGE][PASSED] - Object: 'Object Repository/Profile/btnUserProfile' is clicked on

2021-12-06 15:06:20 - [TEST_STEP][PASSED] - userDir = System.getProperty("user.dir"): null

2021-12-06 15:06:20 - [TEST_STEP][PASSED] - photoPath = userDir + "/Data Files/potoku.jpg": null

2021-12-06 15:06:20 - [TEST_STEP][PASSED] - waitForElementVisible(findTestObject("Profile/btnEditPhoto"), 20): Object 'Object Repository/Profile/btnEditPhoto' is visible

2021-12-06 15:06:21 - [MESSAGE][PASSED] - Object 'Object Repository/Profile/btnEditPhoto' is visible

2021-12-06 15:06:21 - [TEST_STEP][PASSED] - setText(findTestObject("Profile/txtFirstName"), "monika ulina"): Text 'monika ulina' is set on object 'Object Repository/Profile/txtFirstName'

2021-12-06 15:06:22 - [MESSAGE][PASSED] - Text 'monika ulina' is set on object 'Object Repository/Profile/txtFirstName'

2021-12-06 15:06:22 - [TEST_STEP][PASSED] - setText(findTestObject("Profile/txtLastName"), "siregar"): Text 'siregar' is set on object 'Object Repository/Profile/txtLastName'

2021-12-06 15:06:23 - [MESSAGE][PASSED] - Text 'siregar' is set on object 'Object Repository/Profile/txtLastName'

2021-12-06 15:06:23 - [TEST_STEP][PASSED] - scrollToElement(findTestObject("Profile/btnSave"), 10): Scroll to object 'Object Repository/Profile/btnSave' successfully

2021-12-06 15:06:23 - [MESSAGE][PASSED] - Scroll to object 'Object Repository/Profile/btnSave' successfully

2021-12-06 15:06:23 - [TEST_STEP][PASSED] - click(findTestObject("Profile/btnSave")): Object: 'Object Repository/Profile/btnSave' is clicked on

2021-12-06 15:06:24 - [MESSAGE][PASSED] - Object: 'Object Repository/Profile/btnSave' is clicked on]]></system-out>
         <system-err><![CDATA[]]></system-err>
      </testcase>
      <system-out><![CDATA[2021-12-06 15:05:57 - [TEST_SUITE][PASSED] - End_to_end_edit_profile_user: Test Cases/Profile/tc_EditProfile]]></system-out>
      <system-err><![CDATA[]]></system-err>
   </testsuite>
</testsuites>
